g++ \
	-shared \
	-dynamic \
	/Users/daniel/Documents/Development/_Source/CrossAdaptive/OpenXDS_Core/0.x/libopenxds_core_adt_std/obj/StdADTFactory.c.obj \
	/Users/daniel/Documents/Development/_Source/CrossAdaptive/OpenXDS_Core/0.x/libopenxds_core_adt_std/obj/StdDictionary.c.obj \
	/Users/daniel/Documents/Development/_Source/CrossAdaptive/OpenXDS_Core/0.x/libopenxds_core_adt_std/obj/StdEIterator.c.obj \
	/Users/daniel/Documents/Development/_Source/CrossAdaptive/OpenXDS_Core/0.x/libopenxds_core_adt_std/obj/StdEntry.c.obj \
	/Users/daniel/Documents/Development/_Source/CrossAdaptive/OpenXDS_Core/0.x/libopenxds_core_adt_std/obj/StdIterator.c.obj \
	/Users/daniel/Documents/Development/_Source/CrossAdaptive/OpenXDS_Core/0.x/libopenxds_core_adt_std/obj/StdKey.c.obj \
	/Users/daniel/Documents/Development/_Source/CrossAdaptive/OpenXDS_Core/0.x/libopenxds_core_adt_std/obj/StdLinkedList.c.obj \
	/Users/daniel/Documents/Development/_Source/CrossAdaptive/OpenXDS_Core/0.x/libopenxds_core_adt_std/obj/StdList.c.obj \
	/Users/daniel/Documents/Development/_Source/CrossAdaptive/OpenXDS_Core/0.x/libopenxds_core_adt_std/obj/StdListNode.c.obj \
	/Users/daniel/Documents/Development/_Source/CrossAdaptive/OpenXDS_Core/0.x/libopenxds_core_adt_std/obj/StdMap.c.obj \
	/Users/daniel/Documents/Development/_Source/CrossAdaptive/OpenXDS_Core/0.x/libopenxds_core_adt_std/obj/StdPIterator.c.obj \
	/Users/daniel/Documents/Development/_Source/CrossAdaptive/OpenXDS_Core/0.x/libopenxds_core_adt_std/obj/StdSequence.c.obj \
	/Users/daniel/Documents/Development/_Source/CrossAdaptive/OpenXDS_Core/0.x/libopenxds_core_adt_std/obj/StdSequenceNode.c.obj \
	/Users/daniel/Documents/Development/_Source/CrossAdaptive/OpenXDS_Core/0.x/libopenxds_core_adt_std/obj/StdStack.c.obj \
	/Users/daniel/Documents/Development/_Source/CrossAdaptive/OpenXDS_Core/0.x/libopenxds_core_adt_std/obj/StdString.c.obj \
	/Users/daniel/Documents/Development/_Source/CrossAdaptive/OpenXDS_Core/0.x/libopenxds_core_adt_std/obj/StdValue.c.obj \
	/Users/daniel/Documents/Development/_Source/CrossAdaptive/OpenXDS_Core/0.x/libopenxds_core_adt_std/obj/StdVector.c.obj \
	-o \
	/Users/daniel/Documents/Development/_Source/CrossAdaptive/OpenXDS_Core/0.x/libopenxds_core_adt_std/lib/libopenxds_core_adt_std.so.1.dylib \
ar \
	rcs \
	/Users/daniel/Documents/Development/_Source/CrossAdaptive/OpenXDS_Core/0.x/libopenxds_core_adt_std/lib/libopenxds_core_adt_std.a \
	/Users/daniel/Documents/Development/_Source/CrossAdaptive/OpenXDS_Core/0.x/libopenxds_core_adt_std/obj/StdADTFactory.c.obj \
	/Users/daniel/Documents/Development/_Source/CrossAdaptive/OpenXDS_Core/0.x/libopenxds_core_adt_std/obj/StdDictionary.c.obj \
	/Users/daniel/Documents/Development/_Source/CrossAdaptive/OpenXDS_Core/0.x/libopenxds_core_adt_std/obj/StdEIterator.c.obj \
	/Users/daniel/Documents/Development/_Source/CrossAdaptive/OpenXDS_Core/0.x/libopenxds_core_adt_std/obj/StdEntry.c.obj \
	/Users/daniel/Documents/Development/_Source/CrossAdaptive/OpenXDS_Core/0.x/libopenxds_core_adt_std/obj/StdIterator.c.obj \
	/Users/daniel/Documents/Development/_Source/CrossAdaptive/OpenXDS_Core/0.x/libopenxds_core_adt_std/obj/StdKey.c.obj \
	/Users/daniel/Documents/Development/_Source/CrossAdaptive/OpenXDS_Core/0.x/libopenxds_core_adt_std/obj/StdLinkedList.c.obj \
	/Users/daniel/Documents/Development/_Source/CrossAdaptive/OpenXDS_Core/0.x/libopenxds_core_adt_std/obj/StdList.c.obj \
	/Users/daniel/Documents/Development/_Source/CrossAdaptive/OpenXDS_Core/0.x/libopenxds_core_adt_std/obj/StdListNode.c.obj \
	/Users/daniel/Documents/Development/_Source/CrossAdaptive/OpenXDS_Core/0.x/libopenxds_core_adt_std/obj/StdMap.c.obj \
	/Users/daniel/Documents/Development/_Source/CrossAdaptive/OpenXDS_Core/0.x/libopenxds_core_adt_std/obj/StdPIterator.c.obj \
	/Users/daniel/Documents/Development/_Source/CrossAdaptive/OpenXDS_Core/0.x/libopenxds_core_adt_std/obj/StdSequence.c.obj \
	/Users/daniel/Documents/Development/_Source/CrossAdaptive/OpenXDS_Core/0.x/libopenxds_core_adt_std/obj/StdSequenceNode.c.obj \
	/Users/daniel/Documents/Development/_Source/CrossAdaptive/OpenXDS_Core/0.x/libopenxds_core_adt_std/obj/StdStack.c.obj \
	/Users/daniel/Documents/Development/_Source/CrossAdaptive/OpenXDS_Core/0.x/libopenxds_core_adt_std/obj/StdString.c.obj \
	/Users/daniel/Documents/Development/_Source/CrossAdaptive/OpenXDS_Core/0.x/libopenxds_core_adt_std/obj/StdValue.c.obj \
	/Users/daniel/Documents/Development/_Source/CrossAdaptive/OpenXDS_Core/0.x/libopenxds_core_adt_std/obj/StdVector.c.obj \
